<?xml version="1.0" encoding="UTF-8"?>
<testng-results skipped="0" failed="0" ignored="0" total="1" passed="1">
  <reporter-output>
  </reporter-output>
  <suite name="Default suite" duration-ms="58546" started-at="2019-02-14T06:17:09Z" finished-at="2019-02-14T06:18:08Z">
    <groups>
    </groups>
    <test name="Default test" duration-ms="58546" started-at="2019-02-14T06:17:09Z" finished-at="2019-02-14T06:18:08Z">
      <class name="lati">
        <test-method status="PASS" signature="main()[pri:0, instance:lati@394e1a0f]" name="main" duration-ms="58504" started-at="2019-02-14T06:17:09Z" finished-at="2019-02-14T06:18:08Z">
          <reporter-output>
          </reporter-output>
        </test-method> <!-- main -->
      </class> <!-- lati -->
    </test> <!-- Default test -->
  </suite> <!-- Default suite -->
</testng-results>
