<?xml version="1.0" encoding="UTF-8"?>
<testng-results skipped="0" failed="0" ignored="0" total="1" passed="1">
  <reporter-output>
  </reporter-output>
  <suite name="Default suite" duration-ms="11175" started-at="2019-03-05T09:17:16Z" finished-at="2019-03-05T09:17:27Z">
    <groups>
    </groups>
    <test name="Default test" duration-ms="11175" started-at="2019-03-05T09:17:16Z" finished-at="2019-03-05T09:17:27Z">
      <class name="Verify_Tool_Tip">
        <test-method status="PASS" signature="testTooltip()[pri:0, instance:Verify_Tool_Tip@394e1a0f]" name="testTooltip" duration-ms="11144" started-at="2019-03-05T09:17:16Z" finished-at="2019-03-05T09:17:27Z">
          <reporter-output>
          </reporter-output>
        </test-method> <!-- testTooltip -->
      </class> <!-- Verify_Tool_Tip -->
    </test> <!-- Default test -->
  </suite> <!-- Default suite -->
</testng-results>
